[00:29:11] [Server thread/INFO]: SuYT_05[/127.118.179.43:39125] logged in with entity id 10135 at (1768.699999988079, 116.0, 236.4845781613742)
[00:29:11] [Server thread/INFO]: SuYT_05 joined the game
[00:31:50] [Server thread/INFO]: SuYT_05 lost connection: Disconnected
[00:31:50] [Server thread/INFO]: SuYT_05 left the game
[00:34:49] [Server thread/INFO]: iAmCamiii_[/127.216.81.150:37565] logged in with entity id 12048 at (1756.2806706729757, 111.5, 197.96795869598958)
[00:34:49] [Server thread/INFO]: iAmCamiii_ joined the game
[00:37:50] [Server thread/INFO]: Aaron_1602 lost connection: Disconnected
[00:37:50] [Server thread/INFO]: Aaron_1602 left the game
[01:30:04] [Server thread/INFO]: iAmCamiii_ lost connection: Disconnected
[01:30:04] [Server thread/INFO]: iAmCamiii_ left the game
[02:04:51] [Server thread/INFO]: iAmCamiii_[/127.216.81.150:59615] logged in with entity id 15704 at (1680.300000011921, 231.0, 255.52288606726123)
[02:04:51] [Server thread/INFO]: iAmCamiii_ joined the game
[02:06:54] [Server thread/INFO]: Aaron_1602[/127.42.73.160:54407] logged in with entity id 16507 at (1779.202741386917, 111.0, 243.64999308960475)
[02:06:54] [Server thread/INFO]: Aaron_1602 joined the game
[02:07:32] [Server thread/INFO]: iAmCamiii_ lost connection: Disconnected
[02:07:32] [Server thread/INFO]: iAmCamiii_ left the game
[02:09:11] [Server thread/INFO]: [Aaron_1602: Set the weather to rain]
[02:09:33] [Server thread/INFO]: iAmCamiii_[/127.216.81.150:49871] logged in with entity id 17025 at (1721.6646076095474, 105.0, 220.04581486363531)
[02:09:33] [Server thread/INFO]: iAmCamiii_ joined the game
[02:09:43] [Server thread/INFO]: Aaron_1602 lost connection: Disconnected
[02:09:43] [Server thread/INFO]: Aaron_1602 left the game
[02:10:18] [Server thread/INFO]: Aaron_1602[/127.42.73.160:39391] logged in with entity id 17217 at (1698.5320275789445, 111.0, 212.82441804419298)
[02:10:18] [Server thread/INFO]: Aaron_1602 joined the game
[02:12:07] [Server thread/INFO]: [Aaron_1602: Teleported Aaron_1602 to iAmCamiii_]
[02:20:59] [Server thread/WARN]: Mismatch in destroy block pos: class_2338{x=1762, y=110, z=282} class_2338{x=1762, y=109, z=281}
[02:21:36] [Server thread/INFO]: [Aaron_1602: Set the time to 1000]
[02:21:38] [Server thread/INFO]: [Aaron_1602: Set the weather to rain]
[02:24:09] [Server thread/WARN]: Mismatch in destroy block pos: class_2338{x=1750, y=86, z=368} class_2338{x=1751, y=85, z=371}
[02:25:28] [Server thread/INFO]: [Aaron_1602: Teleported Aaron_1602 to iAmCamiii_]
[02:29:47] [Server thread/INFO]: iAmCamiii_ lost connection: Disconnected
[02:29:47] [Server thread/INFO]: iAmCamiii_ left the game
[02:30:02] [Server thread/INFO]: iAmCamiii_[/127.216.81.150:46759] logged in with entity id 23833 at (1762.9045285379543, 116.5625, 225.36876946386133)
[02:30:02] [Server thread/INFO]: iAmCamiii_ joined the game
[02:33:24] [Server thread/INFO]: [Aaron_1602: Set the time to 1000]
[02:35:57] [Server thread/INFO]: iAmCamiii_ lost connection: Disconnected
[02:35:57] [Server thread/INFO]: iAmCamiii_ left the game
[02:38:32] [Server thread/INFO]: [Aaron_1602: Set own game mode to Spectator Mode]
[02:38:51] [Server thread/INFO]: [Aaron_1602: Set own game mode to Survival Mode]
[02:39:17] [Server thread/WARN]: Mismatch in destroy block pos: class_2338{x=1720, y=83, z=367} class_2338{x=1718, y=82, z=366}
[02:39:23] [Server thread/WARN]: Mismatch in destroy block pos: class_2338{x=1724, y=83, z=368} class_2338{x=1725, y=83, z=368}
[02:39:39] [Server thread/WARN]: Mismatch in destroy block pos: class_2338{x=1722, y=84, z=374} class_2338{x=1723, y=84, z=375}
[02:40:02] [Server thread/WARN]: Mismatch in destroy block pos: class_2338{x=1713, y=84, z=368} class_2338{x=1714, y=85, z=367}
[02:40:02] [Server thread/WARN]: Mismatch in destroy block pos: class_2338{x=1714, y=85, z=364} class_2338{x=1714, y=85, z=367}
[02:43:17] [Server thread/INFO]: [Aaron_1602: Set the weather to rain]
[02:44:05] [Server thread/INFO]: [Aaron_1602: Set the time to 1000]
[02:49:36] [Server thread/INFO]: iAmCamiii_[/127.216.81.150:42651] logged in with entity id 29471 at (1719.300000011921, 117.0, 224.90868354966378)
[02:49:36] [Server thread/INFO]: iAmCamiii_ joined the game
[02:54:32] [Server thread/INFO]: [Aaron_1602: Set the time to 1000]
[02:54:45] [Server thread/INFO]: [Aaron_1602: Set the weather to clear]
[03:05:27] [Server thread/INFO]: [Aaron_1602: Set the time to 1000]
[03:11:11] [Server thread/INFO]: Aaron_1602 lost connection: Disconnected
[03:11:11] [Server thread/INFO]: Aaron_1602 left the game
[03:13:12] [Server thread/INFO]: iAmCamiii_ has made the advancement [The Parrots and the Bats]
[03:57:14] [Server thread/INFO]: iAmCamiii_ lost connection: Disconnected
[03:57:14] [Server thread/INFO]: iAmCamiii_ left the game
[04:04:09] [Server thread/INFO]: Aaron_1602[/127.42.73.160:51501] logged in with entity id 40568 at (1726.7342771253166, 111.0, 279.8434361199379)
[04:04:09] [Server thread/INFO]: Aaron_1602 joined the game
[04:09:11] [Server thread/INFO]: [Aaron_1602: Set the time to 1000]
[04:09:21] [Server thread/INFO]: [Aaron_1602: Set the weather to clear]
[04:09:24] [Server thread/INFO]: [Aaron_1602: Set the weather to rain]
[04:20:28] [Server thread/INFO]: [Aaron_1602: Set the time to 1000]
[04:25:14] [Server thread/INFO]: [Aaron_1602: Set the weather to rain]
[04:26:00] [Server thread/WARN]: Mismatch in destroy block pos: class_2338{x=1814, y=83, z=424} class_2338{x=1812, y=82, z=425}
[04:26:00] [Server thread/WARN]: Mismatch in destroy block pos: class_2338{x=1814, y=83, z=424} class_2338{x=1812, y=82, z=425}
[04:26:41] [Server thread/WARN]: Mismatch in destroy block pos: class_2338{x=1802, y=84, z=435} class_2338{x=1801, y=84, z=436}
[04:26:41] [Server thread/WARN]: Mismatch in destroy block pos: class_2338{x=1802, y=84, z=435} class_2338{x=1801, y=84, z=436}
[04:26:41] [Server thread/WARN]: Mismatch in destroy block pos: class_2338{x=1802, y=84, z=433} class_2338{x=1803, y=83, z=433}
[04:26:41] [Server thread/WARN]: Mismatch in destroy block pos: class_2338{x=1802, y=84, z=435} class_2338{x=1803, y=83, z=433}
[04:26:41] [Server thread/WARN]: Mismatch in destroy block pos: class_2338{x=1802, y=84, z=435} class_2338{x=1803, y=83, z=433}
[04:26:41] [Server thread/WARN]: Mismatch in destroy block pos: class_2338{x=1802, y=84, z=435} class_2338{x=1803, y=83, z=433}
[04:26:41] [Server thread/WARN]: Mismatch in destroy block pos: class_2338{x=1802, y=84, z=435} class_2338{x=1803, y=83, z=433}
[04:26:41] [Server thread/WARN]: Mismatch in destroy block pos: class_2338{x=1802, y=84, z=435} class_2338{x=1803, y=83, z=433}
[04:26:44] [Server thread/WARN]: Mismatch in destroy block pos: class_2338{x=1803, y=85, z=437} class_2338{x=1803, y=84, z=439}
[04:26:44] [Server thread/WARN]: Mismatch in destroy block pos: class_2338{x=1803, y=85, z=437} class_2338{x=1803, y=84, z=439}
[04:26:44] [Server thread/WARN]: Mismatch in destroy block pos: class_2338{x=1803, y=85, z=437} class_2338{x=1803, y=84, z=439}
[04:26:44] [Server thread/WARN]: Mismatch in destroy block pos: class_2338{x=1803, y=85, z=437} class_2338{x=1803, y=84, z=439}
[04:26:44] [Server thread/WARN]: Mismatch in destroy block pos: class_2338{x=1803, y=85, z=437} class_2338{x=1803, y=84, z=439}
[04:26:44] [Server thread/WARN]: Mismatch in destroy block pos: class_2338{x=1803, y=85, z=437} class_2338{x=1803, y=84, z=439}
[04:26:44] [Server thread/WARN]: Mismatch in destroy block pos: class_2338{x=1803, y=85, z=437} class_2338{x=1803, y=84, z=439}
[04:26:44] [Server thread/WARN]: Mismatch in destroy block pos: class_2338{x=1803, y=85, z=437} class_2338{x=1803, y=84, z=439}
[04:26:44] [Server thread/WARN]: Mismatch in destroy block pos: class_2338{x=1803, y=85, z=437} class_2338{x=1803, y=84, z=439}
[04:26:44] [Server thread/WARN]: Mismatch in destroy block pos: class_2338{x=1803, y=85, z=437} class_2338{x=1803, y=84, z=439}
[04:26:44] [Server thread/WARN]: Mismatch in destroy block pos: class_2338{x=1803, y=85, z=437} class_2338{x=1803, y=84, z=439}
[04:26:44] [Server thread/WARN]: Mismatch in destroy block pos: class_2338{x=1803, y=85, z=437} class_2338{x=1803, y=84, z=439}
[04:26:44] [Server thread/WARN]: Mismatch in destroy block pos: class_2338{x=1803, y=85, z=437} class_2338{x=1803, y=84, z=439}
[04:26:44] [Server thread/WARN]: Mismatch in destroy block pos: class_2338{x=1803, y=85, z=437} class_2338{x=1803, y=84, z=439}
[04:26:44] [Server thread/WARN]: Mismatch in destroy block pos: class_2338{x=1803, y=85, z=437} class_2338{x=1803, y=84, z=439}
[04:26:44] [Server thread/WARN]: Mismatch in destroy block pos: class_2338{x=1803, y=85, z=437} class_2338{x=1803, y=84, z=439}
[04:26:45] [Server thread/WARN]: Mismatch in destroy block pos: class_2338{x=1803, y=85, z=437} class_2338{x=1803, y=84, z=439}
[04:26:45] [Server thread/WARN]: Mismatch in destroy block pos: class_2338{x=1803, y=85, z=437} class_2338{x=1803, y=84, z=439}
[04:26:45] [Server thread/WARN]: Mismatch in destroy block pos: class_2338{x=1803, y=85, z=437} class_2338{x=1803, y=84, z=439}
[04:26:45] [Server thread/WARN]: Mismatch in destroy block pos: class_2338{x=1803, y=85, z=437} class_2338{x=1803, y=84, z=439}
[04:26:45] [Server thread/WARN]: Mismatch in destroy block pos: class_2338{x=1803, y=85, z=437} class_2338{x=1803, y=84, z=439}
[04:26:45] [Server thread/WARN]: Mismatch in destroy block pos: class_2338{x=1803, y=85, z=437} class_2338{x=1803, y=84, z=439}
[04:26:45] [Server thread/WARN]: Mismatch in destroy block pos: class_2338{x=1803, y=85, z=437} class_2338{x=1803, y=84, z=439}
[04:26:45] [Server thread/WARN]: Mismatch in destroy block pos: class_2338{x=1803, y=85, z=437} class_2338{x=1803, y=84, z=439}
[04:26:45] [Server thread/WARN]: Mismatch in destroy block pos: class_2338{x=1803, y=85, z=437} class_2338{x=1803, y=84, z=439}
[04:26:45] [Server thread/WARN]: Mismatch in destroy block pos: class_2338{x=1803, y=85, z=437} class_2338{x=1803, y=84, z=439}
[04:26:45] [Server thread/WARN]: Mismatch in destroy block pos: class_2338{x=1803, y=85, z=437} class_2338{x=1803, y=84, z=439}
[04:26:45] [Server thread/WARN]: Mismatch in destroy block pos: class_2338{x=1803, y=85, z=437} class_2338{x=1803, y=84, z=439}
[04:26:45] [Server thread/WARN]: Mismatch in destroy block pos: class_2338{x=1803, y=85, z=437} class_2338{x=1803, y=84, z=439}
[04:26:45] [Server thread/WARN]: Mismatch in destroy block pos: class_2338{x=1803, y=85, z=437} class_2338{x=1803, y=84, z=439}
[04:26:45] [Server thread/WARN]: Mismatch in destroy block pos: class_2338{x=1803, y=85, z=437} class_2338{x=1803, y=84, z=439}
[04:26:45] [Server thread/WARN]: Mismatch in destroy block pos: class_2338{x=1803, y=85, z=437} class_2338{x=1803, y=84, z=439}
[04:26:45] [Server thread/WARN]: Mismatch in destroy block pos: class_2338{x=1803, y=85, z=437} class_2338{x=1803, y=84, z=439}
[04:26:52] [Server thread/WARN]: Mismatch in destroy block pos: class_2338{x=1804, y=84, z=441} class_2338{x=1803, y=81, z=443}
[04:26:52] [Server thread/WARN]: Mismatch in destroy block pos: class_2338{x=1805, y=84, z=442} class_2338{x=1804, y=83, z=443}
[04:26:52] [Server thread/WARN]: Mismatch in destroy block pos: class_2338{x=1805, y=84, z=442} class_2338{x=1804, y=83, z=443}
[04:26:52] [Server thread/WARN]: Mismatch in destroy block pos: class_2338{x=1805, y=84, z=442} class_2338{x=1804, y=83, z=443}
[04:26:52] [Server thread/WARN]: Mismatch in destroy block pos: class_2338{x=1805, y=84, z=442} class_2338{x=1804, y=83, z=443}
[04:26:52] [Server thread/WARN]: Mismatch in destroy block pos: class_2338{x=1805, y=84, z=442} class_2338{x=1804, y=83, z=443}
[04:26:52] [Server thread/WARN]: Mismatch in destroy block pos: class_2338{x=1805, y=84, z=442} class_2338{x=1804, y=83, z=443}
[04:26:52] [Server thread/WARN]: Mismatch in destroy block pos: class_2338{x=1805, y=84, z=442} class_2338{x=1804, y=83, z=443}
[04:26:52] [Server thread/WARN]: Mismatch in destroy block pos: class_2338{x=1805, y=84, z=442} class_2338{x=1804, y=83, z=443}
[04:26:52] [Server thread/WARN]: Mismatch in destroy block pos: class_2338{x=1805, y=84, z=442} class_2338{x=1804, y=83, z=443}
[04:26:52] [Server thread/WARN]: Mismatch in destroy block pos: class_2338{x=1805, y=84, z=442} class_2338{x=1804, y=83, z=443}
[04:26:52] [Server thread/WARN]: Mismatch in destroy block pos: class_2338{x=1805, y=84, z=442} class_2338{x=1804, y=83, z=443}
[04:26:52] [Server thread/WARN]: Mismatch in destroy block pos: class_2338{x=1805, y=84, z=442} class_2338{x=1804, y=83, z=443}
[04:26:52] [Server thread/WARN]: Mismatch in destroy block pos: class_2338{x=1805, y=84, z=442} class_2338{x=1804, y=83, z=443}
[04:26:54] [Server thread/WARN]: Mismatch in destroy block pos: class_2338{x=1808, y=81, z=443} class_2338{x=1806, y=80, z=443}
[04:26:54] [Server thread/WARN]: Mismatch in destroy block pos: class_2338{x=1809, y=82, z=443} class_2338{x=1807, y=82, z=441}
[04:27:05] [Server thread/WARN]: Mismatch in destroy block pos: class_2338{x=1808, y=80, z=448} class_2338{x=1806, y=80, z=448}
[04:27:11] [Server thread/WARN]: Mismatch in destroy block pos: class_2338{x=1806, y=80, z=450} class_2338{x=1805, y=81, z=450}
[04:27:13] [Server thread/WARN]: Mismatch in destroy block pos: class_2338{x=1810, y=77, z=449} class_2338{x=1808, y=76, z=450}
[04:29:58] [Server thread/INFO]: [Aaron_1602: Set the time to 1000]
[04:35:46] [Server thread/INFO]: [Aaron_1602: Set the weather to rain]
[04:39:35] [Server thread/INFO]: [Aaron_1602: Set the time to 1000]
[04:40:13] [Server thread/INFO]: [Aaron_1602: Set the weather to clear]
[04:40:25] [Server thread/WARN]: Mismatch in destroy block pos: class_2338{x=1822, y=108, z=287} class_2338{x=1824, y=108, z=287}
[04:43:30] [Server thread/INFO]: [Aaron_1602: Set the weather to rain]
[04:51:04] [Server thread/INFO]: [Aaron_1602: Set the weather to clear]
[04:51:06] [Server thread/INFO]: [Aaron_1602: Set the time to 1000]
[04:58:54] [Server thread/INFO]: [Aaron_1602: Set own game mode to Creative Mode]
[04:59:21] [Server thread/INFO]: [Aaron_1602: Set own game mode to Survival Mode]
[05:00:32] [Server thread/INFO]: [Aaron_1602: Set own game mode to Creative Mode]
[05:00:44] [Server thread/INFO]: [Aaron_1602: Set own game mode to Survival Mode]
[05:01:28] [Server thread/INFO]: [Aaron_1602: Set the weather to rain]
[05:01:34] [Server thread/INFO]: [Aaron_1602: Set the time to 1000]
[05:10:06] [Server thread/INFO]: [Not Secure] <Aaron_1602> 212 110 16
[05:10:14] [Server thread/INFO]: [Aaron_1602: Teleported Aaron_1602 to 212.500000, 110.000000, 16.500000]
[05:10:23] [Server thread/INFO]: [Aaron_1602: Teleported Aaron_1602 to 212.500000, 110.000000, 16.500000]
[05:12:17] [Server thread/INFO]: [Aaron_1602: Set the time to 1000]
[05:12:21] [Server thread/INFO]: [Aaron_1602: Set the weather to clear]
[05:23:18] [Server thread/INFO]: [Aaron_1602: Set the time to 1000]
[05:25:02] [Server thread/INFO]: [Aaron_1602: Set the weather to rain]
[05:28:35] [Server thread/INFO]: [Aaron_1602: Set the time to 1000]
[05:38:49] [Server thread/INFO]: [Aaron_1602: Set the time to 1000]
[05:38:50] [Server thread/INFO]: [Aaron_1602: Set the weather to clear]
[05:41:20] [Server thread/INFO]: [Aaron_1602: Set the weather to rain]
[05:44:44] [Server thread/WARN]: Aaron_1602 moved too quickly! 0.5471175313700769,-11.2331196189798,-0.1933541059312347
[05:49:46] [Server thread/INFO]: [Aaron_1602: Set the time to 1000]
[05:49:47] [Server thread/INFO]: [Aaron_1602: Set the weather to clear]
[05:55:09] [Server thread/INFO]: Unknown or incomplete command, see below for error
[05:55:09] [Server thread/INFO]:  stop<--[HERE]
[05:55:11] [Server thread/INFO]: Stopping the server
[05:55:11] [Server thread/INFO]: Stopping server
[05:55:11] [Server thread/INFO]: Saving players
[05:55:11] [Server thread/INFO]: Aaron_1602 lost connection: Server closed
[05:55:11] [Server thread/INFO]: Aaron_1602 left the game
[05:55:11] [Server thread/INFO]: Saving worlds
[05:55:11] [Server thread/INFO]: Saving chunks for level 'ServerLevel[world]'/minecraft:overworld
[05:55:14] [Server thread/INFO]: Saving chunks for level 'ServerLevel[world]'/minecraft:the_end
[05:55:14] [Server thread/INFO]: Saving chunks for level 'ServerLevel[world]'/minecraft:the_nether
[05:55:14] [Server thread/INFO]: ThreadedAnvilChunkStorage (world): All chunks are saved
[05:55:14] [Server thread/INFO]: ThreadedAnvilChunkStorage (DIM1): All chunks are saved
[05:55:14] [Server thread/INFO]: ThreadedAnvilChunkStorage (DIM-1): All chunks are saved
[05:55:14] [Server thread/INFO]: ThreadedAnvilChunkStorage: All dimensions are saved
